-.10321597E+04
-.10221419E+04
-.10117790E+04
-.10173635E+04
-.10222679E+04
-.10173500E+04
-.99253208E+03
-.10219825E+04
-.98247289E+03
-.96770228E+03
-.96768259E+03
-.96281052E+03
-.10020327E+04
-.91949988E+03
-.98731131E+03
-.98250798E+03
-.93802063E+03
-.89930782E+03
-.89053837E+03
-.96246928E+03
-.92900047E+03
-.88529130E+03
-.90987306E+03
-.89959202E+03
-.90404247E+03
-.89436498E+03
-.85635668E+03
-.88968424E+03
-.92428717E+03
-.88583068E+03
-.86683304E+03
-.88462629E+03
-.81501128E+03
-.79098693E+03
-.85291439E+03
-.79063728E+03
-.79976530E+03
-.85259864E+03
-.85699088E+03
-.76879159E+03
-.76693186E+03
















































